<?xml version="1.0" encoding="UTF-8"?>
<!-- Generated by org.testng.reporters.JUnitReportReporter -->
<testsuite hostname="family" name="com.test.KayakAuto" tests="1" failures="0" timestamp="10 Sep 2016 02:55:09 GMT" time="41.441" errors="0">
  <testcase name="openKayakPage" time="41.441" classname="com.test.KayakAuto"/>
</testsuite> <!-- com.test.KayakAuto -->
